<?xml version="1.0" encoding="UTF-8"?>
<testsuite name="상품 최저가 페이지 URL" tests="2" skipped="0" failures="0" errors="0" timestamp="2021-06-23T08:33:19" hostname="ihanjuui-MacBook-Pro.local" time="0.004">
  <properties/>
  <testcase name="null" classname="com.sparta.springcore.model.ProductTest$CreateUserProduct$FailCases$Link" time="0.002"/>
  <testcase name="URL 포맷 형태가 맞지 않음" classname="com.sparta.springcore.model.ProductTest$CreateUserProduct$FailCases$Link" time="0.001"/>
  <system-out><![CDATA[]]></system-out>
  <system-err><![CDATA[]]></system-err>
</testsuite>
