<?xml version="1.0" encoding="UTF-8"?>
<testsuite name="상품명" tests="2" skipped="0" failures="0" errors="0" timestamp="2021-06-23T08:33:19" hostname="ihanjuui-MacBook-Pro.local" time="0.004">
  <properties/>
  <testcase name="null" classname="com.sparta.springcore.model.ProductTest$CreateUserProduct$FailCases$Title" time="0.001"/>
  <testcase name="빈 문자열" classname="com.sparta.springcore.model.ProductTest$CreateUserProduct$FailCases$Title" time="0.002"/>
  <system-out><![CDATA[]]></system-out>
  <system-err><![CDATA[]]></system-err>
</testsuite>
